GROUP,PACKAGE,CLASS,INSTRUCTION_MISSED,INSTRUCTION_COVERED,BRANCH_MISSED,BRANCH_COVERED,LINE_MISSED,LINE_COVERED,COMPLEXITY_MISSED,COMPLEXITY_COVERED,METHOD_MISSED,METHOD_COVERED
coverage/ObligationManager,it.cnr.iit.ucs.obligationmanager,ObligationManager,116,64,8,4,26,20,8,4,3,3
coverage/PEPDht,it.cnr.iit.pepdht.track,STATUS,114,0,0,0,12,0,1,0,1,0
coverage/PEPDht,it.cnr.iit.pepdht.track,AccessTracker,243,0,34,0,57,0,27,0,10,0
coverage/PEPDht,it.cnr.iit.pepdht.track,MessageInfo,124,0,6,0,37,0,17,0,14,0
coverage/PEPDht,it.cnr.iit.pepdht,PEPDht.new DHTClient.MessageHandler() {...},68,0,8,0,20,0,7,0,3,0
coverage/PEPDht,it.cnr.iit.pepdht,PEPDht.NewThread,10,0,0,0,5,0,2,0,2,0
coverage/PEPDht,it.cnr.iit.pepdht,PEPDht,361,0,30,0,110,0,34,0,19,0
coverage/PIPReader,it.cnr.iit.ucs.pipreader,PIPReader,43,273,1,13,11,55,4,16,3,10
coverage/PIPTime,it.cnr.iit.ucs.piptime,PIPTime,57,22,2,0,17,4,7,2,6,2
coverage/PIPWebSocket,it.cnr.iit.ucs.pipwebsocket.json,DomoLight,39,6,0,0,17,2,11,2,11,2
coverage/PIPWebSocket,it.cnr.iit.ucs.pipwebsocket.json,DomoLightRequestPostTopicUuid,23,5,0,0,10,2,4,2,4,2
coverage/PIPWebSocket,it.cnr.iit.ucs.pipwebsocket,PIPWebSocketLampStatus,47,25,2,0,17,5,7,2,6,2
coverage/PIPWebSocket,it.cnr.iit.ucs.pipwebsocket,PIPWebSocketLamps,8,75,1,3,6,18,5,5,4,4
coverage/PolicyAdministrationPoint,it.cnr.iit.ucs.pap,PolicyAdministrationPoint,23,187,4,10,5,40,4,12,0,9
coverage/PolicyDecisionPoint,it.cnr.iit.ucs.pdp,FileSystemPolicyFinderModule,149,229,23,16,34,58,19,11,2,8
coverage/PolicyDecisionPoint,it.cnr.iit.ucs.pdp,PolicyDecisionPoint,316,256,28,14,63,61,24,15,4,14
coverage/PolicyDecisionPoint,it.cnr.iit.ucs.pdp,InputStreamBasedPolicyFinderModule,74,165,11,8,14,47,9,9,0,8
coverage/SessionManager,it.cnr.iit.ucs.sessionmanager,OnGoingAttribute,124,90,8,6,25,34,11,17,7,13
coverage/SessionManager,it.cnr.iit.ucs.sessionmanager,Session,68,134,4,4,23,33,12,13,9,12
coverage/SessionManager,it.cnr.iit.ucs.sessionmanager,SessionManager,251,722,20,44,58,173,19,36,4,19
coverage/SessionManager,it.cnr.iit.ucs.sessionmanager,OnGoingAttribute.COLUMN,0,44,0,0,0,2,0,1,0,1
coverage/UCSCore,it.cnr.iit.ucs.proxies,PEPRestProxy,92,0,6,0,25,0,9,0,6,0
coverage/UCSCore,it.cnr.iit.ucs.core,UCSCoreServiceBuilder,14,346,0,6,3,68,0,18,0,15
coverage/UCSCore,it.cnr.iit.ucs.core,UCSCoreService,9,40,0,0,3,11,3,9,3,9
coverage/UCSCore,it.cnr.iit.ucs.requestmanager,RequestManager.ContextHandlerInquirer,24,6,2,0,7,1,2,1,1,1
coverage/UCSCore,it.cnr.iit.ucs.requestmanager,RequestManager,44,129,2,12,10,33,3,11,1,6
coverage/UCSCore,it.cnr.iit.ucs.contexthandler,RequestStatusEnricher,8,54,1,3,2,15,2,5,1,3
coverage/UCSCore,it.cnr.iit.ucs.contexthandler,ContextHandler,273,904,38,53,46,182,33,34,1,19
coverage/UCSDht,it.cnr.iit.ucsdht.json,StatusPersistent,12,0,0,0,5,0,3,0,3,0
coverage/UCSDht,it.cnr.iit.ucsdht.json,Status,16,27,0,0,8,10,4,5,4,5
coverage/UCSDht,it.cnr.iit.ucsdht.json,StatusRequestPostTopicUuid,8,23,0,0,4,9,2,4,2,4
coverage/UCSDht,it.cnr.iit.ucsdht,UCSClient,81,305,3,5,26,67,6,22,3,21
coverage/UCSDht,it.cnr.iit.ucsdht,StatusWatcher,28,136,9,13,14,27,8,7,1,3
coverage/UCSDht,it.cnr.iit.ucsdht,Utils,17,91,3,7,6,19,4,8,2,5
coverage/UCSDht,it.cnr.iit.ucsdht,PEPDhtUCSSide,32,11,0,0,10,5,2,2,2,2
coverage/UCSDht,it.cnr.iit.ucsdht,PAPMessageManager,31,178,3,9,8,45,5,12,2,9
coverage/UCSDht,it.cnr.iit.ucsdht,PEPMessageManager,57,258,6,12,15,72,10,15,4,12
coverage/UCSDht,it.cnr.iit.ucsdht,UCSDht,180,1505,38,71,62,312,37,45,2,24
coverage/UCSDht,it.cnr.iit.ucsdht,PIPMessageManager,36,446,8,12,7,97,9,10,1,8
coverage/UCSDht,it.cnr.iit.ucsdht,ManagerUtils,6,30,1,1,2,6,2,4,1,4
coverage/UCSDht,it.cnr.iit.ucsdht,DhtMessageHandler,156,3,10,0,47,1,8,1,2,1
coverage/UCSDht,it.cnr.iit.ucsdht.properties,UCSDhtPepProperties,10,49,0,0,5,19,5,11,5,11
coverage/UCSDht,it.cnr.iit.ucsdht.properties,UCSDhtObligationManagerProperties,4,5,0,0,2,2,2,2,2,2
coverage/UCSDht,it.cnr.iit.ucsdht.properties,UCSDhtPipProperties,41,97,2,0,9,31,4,15,3,15
coverage/UCSDht,it.cnr.iit.ucsdht.properties,UCSDhtRequestManagerProperties,6,7,0,0,3,3,3,3,3,3
coverage/UCSDht,it.cnr.iit.ucsdht.properties,UCSDhtProperties,4,43,0,0,1,14,1,9,1,9
coverage/UCSDht,it.cnr.iit.ucsdht.properties,UCSDhtPdpProperties,6,9,0,0,3,4,3,4,3,4
coverage/UCSDht,it.cnr.iit.ucsdht.properties,UCSDhtContextHandlerProperties,4,7,0,0,2,3,2,3,2,3
coverage/UCSDht,it.cnr.iit.ucsdht.properties,UCSDhtCoreProperties,13,0,0,0,5,0,5,0,5,0
coverage/UCSDht,it.cnr.iit.ucsdht.properties,UCSDhtPapProperties,8,11,0,0,4,5,3,3,3,3
coverage/UCSDht,it.cnr.iit.ucsdht.properties,UCSDhtSessionManagerProperties,4,15,0,0,2,6,2,4,2,4
coverage/UCSLibraries,it.cnr.iit.utility.dht.jsonvolatile.addpolicy,AddPolicyResponse,21,13,0,0,8,5,5,1,5,1
coverage/UCSLibraries,it.cnr.iit.utility.dht.jsonvolatile.addpolicy,AddPolicyRequest,31,13,0,0,12,5,5,3,5,3
coverage/UCSLibraries,it.cnr.iit.utility.dht.jsonvolatile,RequestPubMessage,7,9,0,0,4,4,2,2,2,2
coverage/UCSLibraries,it.cnr.iit.utility.dht.jsonvolatile,JsonIn,0,6,0,0,0,2,0,2,0,2
coverage/UCSLibraries,it.cnr.iit.utility.dht.jsonvolatile,InnerValue,22,24,0,0,10,10,6,4,6,4
coverage/UCSLibraries,it.cnr.iit.utility.dht.jsonvolatile,OuterValue,11,15,0,0,5,7,3,3,3,3
coverage/UCSLibraries,it.cnr.iit.utility.dht.jsonvolatile,EvaluatedMessageContent,3,0,0,0,1,0,1,0,1,0
coverage/UCSLibraries,it.cnr.iit.utility.dht.jsonvolatile,MessageContent,5,0,0,0,2,0,1,0,1,0
coverage/UCSLibraries,it.cnr.iit.utility.dht.jsonvolatile,Command,11,15,0,0,5,7,3,3,3,3
coverage/UCSLibraries,it.cnr.iit.utility.dht.jsonvolatile,Volatile,0,6,0,0,0,2,0,2,0,2
coverage/UCSLibraries,it.cnr.iit.utility.dht.jsonvolatile,JsonOut,7,9,0,0,4,4,2,2,2,2
coverage/UCSLibraries,it.cnr.iit.utility.errorhandling.exception,ErrorType,0,74,0,0,0,8,0,1,0,1
coverage/UCSLibraries,it.cnr.iit.utility.errorhandling.exception,PreconditionException,15,5,0,0,6,2,3,1,3,1
coverage/UCSLibraries,it.cnr.iit.utility.errorhandling.exception,SystemException,56,7,0,0,19,3,7,1,7,1
coverage/UCSLibraries,it.cnr.iit.utility.dht.jsonvolatile.addpip,AddPipRequest,56,28,0,0,23,10,8,8,8,8
coverage/UCSLibraries,it.cnr.iit.utility.dht.jsonvolatile.addpip,AddPipResponse,21,13,0,0,8,5,5,1,5,1
coverage/UCSLibraries,it.cnr.iit.ucs.obligationmanager,Action,10,36,0,0,3,14,2,9,2,9
coverage/UCSLibraries,it.cnr.iit.ucs.obligationmanager,Obligation,28,0,0,0,9,0,5,0,5,0
coverage/UCSLibraries,it.cnr.iit.ucs.message.tryaccess,TryAccessMessage,0,81,1,1,0,32,1,11,0,11
coverage/UCSLibraries,it.cnr.iit.ucs.message.tryaccess,TryAccessResponseMessage,0,41,0,0,0,14,0,7,0,7
coverage/UCSLibraries,it.cnr.iit.ucs.pdp,AbstractPDP,6,33,0,0,2,14,2,5,2,5
coverage/UCSLibraries,it.cnr.iit.ucs.pdp,PDPResponse,79,71,3,1,16,19,10,6,8,6
coverage/UCSLibraries,it.cnr.iit.utility.dht,PersistUtility,21,83,0,0,7,20,1,5,1,5
coverage/UCSLibraries,it.cnr.iit.utility.dht,DHTPersistentMessageClient,59,264,16,18,19,68,19,13,6,9
coverage/UCSLibraries,it.cnr.iit.utility.dht,DHTUtils,38,251,4,4,17,68,6,5,2,5
coverage/UCSLibraries,it.cnr.iit.utility.dht,DHTClient,103,99,5,3,27,29,8,7,4,7
coverage/UCSLibraries,it.cnr.iit.ucs.requestmanager,AbstractRequestManager,9,52,0,0,3,17,3,6,3,6
coverage/UCSLibraries,it.cnr.iit.utility.dht.jsonvolatile.tryaccess,TryAccessResponse,29,16,0,0,11,6,7,1,7,1
coverage/UCSLibraries,it.cnr.iit.utility.dht.jsonvolatile.tryaccess,TryAccessRequest,31,13,0,0,12,5,5,3,5,3
coverage/UCSLibraries,oasis.names.tc.xacml.core.schema.wd_17,ApplyType,19,9,1,1,7,3,5,2,4,2
coverage/UCSLibraries,oasis.names.tc.xacml.core.schema.wd_17,AssociatedAdviceType,0,14,1,1,0,4,1,2,0,2
coverage/UCSLibraries,oasis.names.tc.xacml.core.schema.wd_17,AdviceExpressionsType,0,14,1,1,0,4,1,2,0,2
coverage/UCSLibraries,oasis.names.tc.xacml.core.schema.wd_17,ObligationExpressionsType,0,14,1,1,0,4,1,2,0,2
coverage/UCSLibraries,oasis.names.tc.xacml.core.schema.wd_17,AdviceType,4,17,1,1,2,5,2,3,1,3
coverage/UCSLibraries,oasis.names.tc.xacml.core.schema.wd_17,StatusCodeType,8,9,0,0,4,3,2,3,2,3
coverage/UCSLibraries,oasis.names.tc.xacml.core.schema.wd_17,AttributeSelectorType,20,18,0,0,10,6,5,6,5,6
coverage/UCSLibraries,oasis.names.tc.xacml.core.schema.wd_17,CombinerParameterType,8,9,0,0,4,3,2,3,2,3
coverage/UCSLibraries,oasis.names.tc.xacml.core.schema.wd_17,ObligationExpressionType,8,20,1,1,4,6,3,4,2,4
coverage/UCSLibraries,oasis.names.tc.xacml.core.schema.wd_17,ConditionType,8,9,0,0,4,3,2,3,2,3
coverage/UCSLibraries,oasis.names.tc.xacml.core.schema.wd_17,ContentType,0,14,1,1,0,4,1,2,0,2
coverage/UCSLibraries,oasis.names.tc.xacml.core.schema.wd_17,VariableDefinitionType,8,9,0,0,4,3,2,3,2,3
coverage/UCSLibraries,oasis.names.tc.xacml.core.schema.wd_17,ObligationType,4,17,1,1,2,5,2,3,1,3
coverage/UCSLibraries,oasis.names.tc.xacml.core.schema.wd_17,FunctionType,4,6,0,0,2,2,1,2,1,2
coverage/UCSLibraries,oasis.names.tc.xacml.core.schema.wd_17,RequestType,170,205,16,16,43,47,18,20,8,14
coverage/UCSLibraries,oasis.names.tc.xacml.core.schema.wd_17,ResultType,20,29,1,1,10,9,6,7,5,7
coverage/UCSLibraries,oasis.names.tc.xacml.core.schema.wd_17,ExpressionType,0,3,0,0,0,1,0,1,0,1
coverage/UCSLibraries,oasis.names.tc.xacml.core.schema.wd_17,RequestDefaultsType,4,6,0,0,2,2,1,2,1,2
coverage/UCSLibraries,oasis.names.tc.xacml.core.schema.wd_17,StatusType,12,12,0,0,6,4,3,4,3,4
coverage/UCSLibraries,oasis.names.tc.xacml.core.schema.wd_17,RuleCombinerParametersType,4,6,0,0,2,2,1,2,1,2
coverage/UCSLibraries,oasis.names.tc.xacml.core.schema.wd_17,VariableReferenceType,4,6,0,0,2,2,1,2,1,2
coverage/UCSLibraries,oasis.names.tc.xacml.core.schema.wd_17,AttributeAssignmentExpressionType,16,15,0,0,8,5,4,5,4,5
coverage/UCSLibraries,oasis.names.tc.xacml.core.schema.wd_17,AttributesReferenceType,4,6,0,0,2,2,1,2,1,2
coverage/UCSLibraries,oasis.names.tc.xacml.core.schema.wd_17,TargetType,0,14,1,1,0,4,1,2,0,2
coverage/UCSLibraries,oasis.names.tc.xacml.core.schema.wd_17,PolicySetType,40,44,1,1,20,14,11,12,10,12
coverage/UCSLibraries,oasis.names.tc.xacml.core.schema.wd_17,RequestReferenceType,0,14,1,1,0,4,1,2,0,2
coverage/UCSLibraries,oasis.names.tc.xacml.core.schema.wd_17,IdReferenceType,16,15,0,0,8,5,4,5,4,5
coverage/UCSLibraries,oasis.names.tc.xacml.core.schema.wd_17,ObligationsType,0,14,1,1,0,4,1,2,0,2
coverage/UCSLibraries,oasis.names.tc.xacml.core.schema.wd_17,AdviceExpressionType,8,20,1,1,4,6,3,4,2,4
coverage/UCSLibraries,oasis.names.tc.xacml.core.schema.wd_17,PolicySetCombinerParametersType,4,6,0,0,2,2,1,2,1,2
coverage/UCSLibraries,oasis.names.tc.xacml.core.schema.wd_17,ResponseType,4,14,0,2,2,4,1,3,1,2
coverage/UCSLibraries,oasis.names.tc.xacml.core.schema.wd_17,DecisionType,74,84,12,0,14,15,9,3,3,3
coverage/UCSLibraries,oasis.names.tc.xacml.core.schema.wd_17,AttributeAssignmentType,12,12,0,0,6,4,3,4,3,4
coverage/UCSLibraries,oasis.names.tc.xacml.core.schema.wd_17,CombinerParametersType,0,14,1,1,0,4,1,2,0,2
coverage/UCSLibraries,oasis.names.tc.xacml.core.schema.wd_17,AnyOfType,0,14,1,1,0,4,1,2,0,2
coverage/UCSLibraries,oasis.names.tc.xacml.core.schema.wd_17,PolicyCombinerParametersType,4,6,0,0,2,2,1,2,1,2
coverage/UCSLibraries,oasis.names.tc.xacml.core.schema.wd_17,AttributesType,8,27,0,2,4,9,2,7,2,6
coverage/UCSLibraries,oasis.names.tc.xacml.core.schema.wd_17,RuleType,0,56,0,2,0,22,0,15,0,14
coverage/UCSLibraries,oasis.names.tc.xacml.core.schema.wd_17,MatchType,16,15,0,0,8,5,4,5,4,5
coverage/UCSLibraries,oasis.names.tc.xacml.core.schema.wd_17,PolicyIssuerType,4,17,1,1,2,5,2,3,1,3
coverage/UCSLibraries,oasis.names.tc.xacml.core.schema.wd_17,AttributeDesignatorType,20,18,0,0,10,6,5,6,5,6
coverage/UCSLibraries,oasis.names.tc.xacml.core.schema.wd_17,ObjectFactory,632,334,0,0,103,56,103,2,103,2
coverage/UCSLibraries,oasis.names.tc.xacml.core.schema.wd_17,AllOfType,0,14,1,1,0,4,1,2,0,2
coverage/UCSLibraries,oasis.names.tc.xacml.core.schema.wd_17,PolicyIdentifierListType,0,14,1,1,0,4,1,2,0,2
coverage/UCSLibraries,oasis.names.tc.xacml.core.schema.wd_17,StatusDetailType,0,14,1,1,0,4,1,2,0,2
coverage/UCSLibraries,oasis.names.tc.xacml.core.schema.wd_17,EffectType,31,34,4,0,5,6,4,2,2,2
coverage/UCSLibraries,oasis.names.tc.xacml.core.schema.wd_17,AttributeValueType,0,29,0,2,0,9,0,6,0,5
coverage/UCSLibraries,oasis.names.tc.xacml.core.schema.wd_17,MultiRequestsType,0,14,1,1,0,4,1,2,0,2
coverage/UCSLibraries,oasis.names.tc.xacml.core.schema.wd_17,MissingAttributeDetailType,16,26,1,1,8,8,5,6,4,6
coverage/UCSLibraries,oasis.names.tc.xacml.core.schema.wd_17,PolicyType,4,104,0,2,1,39,1,26,1,25
coverage/UCSLibraries,oasis.names.tc.xacml.core.schema.wd_17,DefaultsType,4,6,0,0,2,2,1,2,1,2
coverage/UCSLibraries,oasis.names.tc.xacml.core.schema.wd_17,AttributeType,0,35,0,2,0,13,0,9,0,8
coverage/UCSLibraries,it.cnr.iit.utility.dht.jsonvolatile.reevaluation,ReevaluationResponse,44,0,0,0,17,0,8,0,8,0
coverage/UCSLibraries,it.cnr.iit.ucs.contexthandler,AbstractContextHandler,11,109,0,2,4,33,2,13,2,12
coverage/UCSLibraries,it.cnr.iit.ucs.message.reevaluation,ReevaluationResponseMessage,0,61,0,0,0,22,0,10,0,10
coverage/UCSLibraries,it.cnr.iit.ucs.message.reevaluation,ReevaluationMessage,0,27,0,0,0,10,0,5,0,5
coverage/UCSLibraries,it.cnr.iit.ucs.constants,ENTITIES,0,48,0,0,0,8,0,3,0,3
coverage/UCSLibraries,it.cnr.iit.ucs.constants,CONNECTION,48,0,0,0,8,0,3,0,3,0
coverage/UCSLibraries,it.cnr.iit.ucs.constants,PURPOSE,0,244,0,0,0,25,0,1,0,1
coverage/UCSLibraries,it.cnr.iit.ucs.constants,ATTRIBUTE_ACTION,0,104,0,0,0,11,0,1,0,1
coverage/UCSLibraries,it.cnr.iit.ucs.constants,STATUS,0,44,0,0,0,5,0,1,0,1
coverage/UCSLibraries,it.cnr.iit.ucs.constants,RestOperation,136,0,0,0,16,0,3,0,3,0
coverage/UCSLibraries,it.cnr.iit.utility.dht.jsonvolatile.error,ErrorResponse,21,13,0,0,8,5,5,1,5,1
coverage/UCSLibraries,it.cnr.iit.utility.errorhandling,Reject,375,125,48,12,88,35,61,20,36,15
coverage/UCSLibraries,it.cnr.iit.utility.dht.jsonvolatile.endaccess,EndAccessResponse,21,13,0,0,8,5,5,1,5,1
coverage/UCSLibraries,it.cnr.iit.utility.dht.jsonvolatile.endaccess,EndAccessRequest,21,13,0,0,8,5,3,3,3,3
coverage/UCSLibraries,it.cnr.iit.ucs.exceptions,PAPException,0,4,0,0,0,2,0,1,0,1
coverage/UCSLibraries,it.cnr.iit.ucs.exceptions,PIPException,0,4,0,0,0,2,0,1,0,1
coverage/UCSLibraries,it.cnr.iit.ucs.exceptions,PolicyException,0,4,0,0,0,2,0,1,0,1
coverage/UCSLibraries,it.cnr.iit.ucs.exceptions,StatusException,4,0,0,0,2,0,1,0,1,0
coverage/UCSLibraries,it.cnr.iit.ucs.exceptions,StartAccessException,4,0,0,0,2,0,1,0,1,0
coverage/UCSLibraries,it.cnr.iit.ucs.exceptions,RequestException,0,4,0,0,0,2,0,1,0,1
coverage/UCSLibraries,it.cnr.iit.ucs.exceptions,SessionManagerException,4,0,0,0,2,0,1,0,1,0
coverage/UCSLibraries,it.cnr.iit.ucs.exceptions,EndAccessException,4,0,0,0,2,0,1,0,1,0
coverage/UCSLibraries,it.cnr.iit.ucs.contexthandler.pipregistry,PIPRegistry,121,120,4,12,22,29,7,13,4,8
coverage/UCSLibraries,it.cnr.iit.utility.dht.jsonpersistent,Response2RequestGetTopicUuid,4,6,0,0,2,2,1,2,1,2
coverage/UCSLibraries,it.cnr.iit.utility.dht.jsonpersistent,JsonOutRequestGetTopicName,3,6,0,0,1,3,1,1,1,1
coverage/UCSLibraries,it.cnr.iit.utility.dht.jsonpersistent,RequestGetTopicUuid,14,9,0,0,6,4,4,1,4,1
coverage/UCSLibraries,it.cnr.iit.utility.dht.jsonpersistent,JsonInPersistent,0,6,0,0,0,2,0,2,0,2
coverage/UCSLibraries,it.cnr.iit.utility.dht.jsonpersistent,JsonOutRequestPostTopicUuid,3,6,0,0,1,3,1,1,1,1
coverage/UCSLibraries,it.cnr.iit.utility.dht.jsonpersistent,JsonInResponse2RequestGetTopicUuid,0,6,0,0,0,2,0,2,0,2
coverage/UCSLibraries,it.cnr.iit.utility.dht.jsonpersistent,JsonOutRequestGetTopicUuid,3,6,0,0,1,3,1,1,1,1
coverage/UCSLibraries,it.cnr.iit.utility.dht.jsonpersistent,RequestGetTopicName,7,6,0,0,3,3,2,1,2,1
coverage/UCSLibraries,it.cnr.iit.utility.dht.jsonpersistent,Response2RequestGetTopicName,4,6,0,0,2,2,1,2,1,2
coverage/UCSLibraries,it.cnr.iit.utility.dht.jsonpersistent,RequestPostTopicUuid,5,0,0,0,2,0,1,0,1,0
coverage/UCSLibraries,it.cnr.iit.utility.dht.jsonpersistent,JsonInResponse2RequestGetTopicName,0,6,0,0,0,2,0,2,0,2
coverage/UCSLibraries,it.cnr.iit.ucs.sessionmanager,SessionAttributesBuilder,0,89,0,0,0,30,0,15,0,15
coverage/UCSLibraries,it.cnr.iit.ucs.sessionmanager,SessionAttributes,0,94,0,0,0,40,0,27,0,27
coverage/UCSLibraries,it.cnr.iit.ucs.sessionmanager,ReevaluationTableInterface.REEV_STATUS,44,0,0,0,2,0,1,0,1,0
coverage/UCSLibraries,it.cnr.iit.utility.dht.jsonvolatile.startaccess,StartAccessResponse,21,13,0,0,8,5,5,1,5,1
coverage/UCSLibraries,it.cnr.iit.utility.dht.jsonvolatile.startaccess,StartAccessRequest,21,13,0,0,8,5,3,3,3,3
coverage/UCSLibraries,it.cnr.iit.xacml.wrappers,PolicyWrapper,92,534,20,48,20,128,19,36,3,18
coverage/UCSLibraries,it.cnr.iit.xacml.wrappers,RequestWrapper,63,98,8,2,15,25,7,10,2,10
coverage/UCSLibraries,it.cnr.iit.utility.dht.jsonvolatile.listpolicies,ListPoliciesResponse,21,13,0,0,8,5,5,1,5,1
coverage/UCSLibraries,it.cnr.iit.utility.dht.jsonvolatile.listpolicies,ListPoliciesRequest,14,10,0,0,5,4,2,2,2,2
coverage/UCSLibraries,it.cnr.iit.utility.dht.jsonvolatile.getpolicy,GetPolicyRequest,21,13,0,0,8,5,3,3,3,3
coverage/UCSLibraries,it.cnr.iit.utility.dht.jsonvolatile.getpolicy,GetPolicyResponse,21,13,0,0,8,5,5,1,5,1
coverage/UCSLibraries,it.cnr.iit.ucs.pip,PIPSubscriberTimer,3,38,0,2,1,13,1,5,1,4
coverage/UCSLibraries,it.cnr.iit.ucs.pip,AbstractPIPWebSocket,108,171,15,7,32,43,13,8,3,7
coverage/UCSLibraries,it.cnr.iit.ucs.pip,PIPBase,53,449,4,32,17,109,6,34,2,20
coverage/UCSLibraries,it.cnr.iit.ucs.message,Message,29,57,0,0,13,22,7,9,7,9
coverage/UCSLibraries,it.cnr.iit.ucs.message.attributechange,AttributeChangeMessage,0,45,0,0,0,13,0,7,0,7
coverage/UCSLibraries,it.cnr.iit.ucs.message.startaccess,StartAccessMessage,0,34,0,0,0,12,0,5,0,5
coverage/UCSLibraries,it.cnr.iit.ucs.message.startaccess,StartAccessResponseMessage,0,33,0,0,0,12,0,5,0,5
coverage/UCSLibraries,it.cnr.iit.xacml,PolicyTags,2,11,1,3,1,4,1,3,0,1
coverage/UCSLibraries,it.cnr.iit.xacml,Category,5,100,0,8,1,19,1,8,1,4
coverage/UCSLibraries,it.cnr.iit.xacml,DataType,10,223,5,19,5,37,5,11,0,4
coverage/UCSLibraries,it.cnr.iit.xacml,Attribute,212,266,27,11,46,72,22,23,5,21
coverage/UCSLibraries,it.cnr.iit.utility.dht.jsonvolatile.registration,RegisterResponse,21,13,0,0,8,5,5,1,5,1
coverage/UCSLibraries,it.cnr.iit.utility.dht.jsonvolatile.registration,RegisterRequest,28,16,0,0,11,6,4,4,4,4
coverage/UCSLibraries,it.cnr.iit.utility,FileUtility,56,69,7,9,18,21,8,8,2,6
coverage/UCSLibraries,it.cnr.iit.utility,JAXBUtility,0,77,0,2,0,16,0,3,0,2
coverage/UCSLibraries,it.cnr.iit.utility,JsonUtility,76,81,2,2,11,21,2,6,0,6
coverage/UCSLibraries,it.cnr.iit.utility,RESTUtils,133,13,4,0,37,3,11,2,9,2
coverage/UCSLibraries,it.cnr.iit.utility,ReflectionsUtility,123,56,6,2,22,11,8,4,4,4
coverage/UCSLibraries,it.cnr.iit.utility.dht.jsonvolatile.deletepolicy,DeletePolicyResponse,21,13,0,0,8,5,5,1,5,1
coverage/UCSLibraries,it.cnr.iit.utility.dht.jsonvolatile.deletepolicy,DeletePolicyRequest,31,13,0,0,12,5,5,3,5,3
coverage/UCSLibraries,it.cnr.iit.ucs.journaling,SyslogJournaling,9,0,0,0,4,0,4,0,4,0
coverage/UCSLibraries,it.cnr.iit.ucs.journaling,FileJournaling,46,130,2,6,10,27,2,7,0,5
coverage/UCSLibraries,it.cnr.iit.ucs.journaling,JournalBuilder,9,36,4,4,2,9,3,4,0,3
coverage/UCSLibraries,it.cnr.iit.ucs.message.endaccess,EndAccessMessage,0,34,0,0,0,12,0,5,0,5
coverage/UCSLibraries,it.cnr.iit.ucs.message.endaccess,EndAccessResponseMessage,0,37,0,0,0,12,0,5,0,5
